<?xml version="1.0" encoding="UTF-8"?>
<!-- Generated by org.testng.reporters.JUnitReportReporter -->
<testsuite skipped="0" hostname="WKWIN6282433" name="testCases.LoginPageTestCases" tests="3" failures="0" timestamp="22 Nov 2018 06:14:23 GMT" time="2.928" errors="0">
  <testcase name="verifyCurrentDate" time="0.123" classname="testCases.LoginPageTestCases"/>
  <testcase name="verifyArubaImage" time="0.045" classname="testCases.LoginPageTestCases"/>
  <testcase name="login" time="2.760" classname="testCases.LoginPageTestCases"/>
</testsuite> <!-- testCases.LoginPageTestCases -->
